Cloning into '/tmp/ComplianceAsCode/content'...
Updating files:  85% (9343/10987)Updating files:  86% (9449/10987)Updating files:  87% (9559/10987)Updating files:  88% (9669/10987)Updating files:  89% (9779/10987)Updating files:  90% (9889/10987)Updating files:  91% (9999/10987)Updating files:  92% (10109/10987)Updating files:  93% (10218/10987)Updating files:  94% (10328/10987)Updating files:  95% (10438/10987)Updating files:  96% (10548/10987)Updating files:  97% (10658/10987)Updating files:  98% (10768/10987)Updating files:  99% (10878/10987)Updating files: 100% (10987/10987)Updating files: 100% (10987/10987), done.
/tmp/ComplianceAsCode/content /

Tag to build: v0.1.70

Note: switching to 'v0.1.70'.

You are in 'detached HEAD' state. You can look around, make experimental
changes and commit them, and you can discard any commits you make in this
state without impacting any branches by switching back to a branch.

If you want to create a new branch to retain commits you create, you may
do so (now or later) by using -c with the switch command. Example:

  git switch -c <new-branch-name>

Or undo this operation with:

  git switch -

Turn off this advice by setting config variable advice.detachedHead to false

HEAD is now at 28b78170b0 Merge pull request #11189 from dodys/nftables-v0.1.70

Ensuring ssg content includes required profiles: C2S stig
-- Profile C2S was not found. C2S will be added to standard_profiles.
-- Profile stig was not found. stig will be added to standard_profiles.
Done adding profiles...

Building ssg xml content...

-- Setting build type to 'Release' as none was specified.
-- SCAP Security Guide 0.1.70
-- (see /tmp/ComplianceAsCode/content/docs/manual/developer_guide.adoc for build instructions)
-- 
-- Found PythonInterp: /usr/bin/python3 (found version "3.10.12") 
-- Found PY_yaml: /usr/lib/python3/dist-packages/yaml  
-- Found PY_jinja2: /usr/lib/python3/dist-packages/jinja2  
-- Could NOT find PY_lxml (missing: PY_LXML) 
-- Could NOT find PY_pytest (missing: PY_PYTEST) 
-- Could NOT find PY_pytest_cov (missing: PY_PYTEST_COV) 
-- Could NOT find PY_json2html (missing: PY_JSON2HTML) 
-- Could NOT find PY_mypy (missing: PY_MYPY) 
-- Could NOT find PY_openpyxl (missing: PY_OPENPYXL) 
-- Could NOT find PY_pandas (missing: PY_PANDAS) 
-- Could NOT find PY_pcre2 (missing: PY_PCRE2) 
-- Could NOT find PY_cmakelint (missing: PY_CMAKELINT) 
-- Could NOT find PY_sphinx (missing: PY_SPHINX) 
-- Could NOT find PY_sphinxcontrib.autojinja (missing: PY_SPHINXCONTRIB.AUTOJINJA) 
-- Could NOT find PY_sphinx_rtd_theme (missing: PY_SPHINX_RTD_THEME) 
-- Could NOT find PY_myst_parser (missing: PY_MYST_PARSER) 
-- Could NOT find PY_prometheus_client (missing: PY_PROMETHEUS_CLIENT) 
CMake Warning at CMakeLists.txt:172 (message):
  Won't build OCP4 content as it requires an OpenSCAP version with OCP4
  support.  See also:
  https://github.com/ComplianceAsCode/content/issues/6798.  n.b.: if 1.3.4
  fails to build OCP4 content, please update to 1.3.5


CMake Warning at CMakeLists.txt:179 (message):
  Won't build EKS content as it requires an OpenSCAP version with EKS
  support.  See also:
  https://github.com/ComplianceAsCode/content/issues/6798.  n.b.: if 1.3.4
  fails to build EKS content, please update to 1.3.5


-- CMake:
-- build type: Release
-- generator: Ninja
-- source directory: /tmp/ComplianceAsCode/content
-- build directory: /tmp/ComplianceAsCode/content/build
--  
-- Tools:
-- python: /usr/bin/python3 (version: 3.10.12)
-- python yaml module: /usr/lib/python3/dist-packages/yaml
-- python jinja2 module: /usr/lib/python3/dist-packages/jinja2
-- oscap: /usr/bin/oscap (version: 1.2.17)
-- xsltproc: /usr/bin/xsltproc
-- xmllint: /usr/bin/xmllint
-- sed: /usr/bin/sed
-- shellcheck (optional): SHELLCHECK_EXECUTABLE-NOTFOUND
-- linkchecker (optional): LINKCHECKER_EXECUTABLE-NOTFOUND
-- grep (optional): /usr/bin/grep
-- python pytest module (optional): 
-- ansible-playbook module (optional): ANSIBLE_PLAYBOOK_EXECUTABLE-NOTFOUND
-- ansible-lint module (optional): ANSIBLE_LINT_EXECUTABLE-NOTFOUND
-- yamllint module (optional): YAMLLINT_EXECUTABLE-NOTFOUND
-- python mypy module (optional): 
-- BATS framework (optional): BATS_EXECUTABLE-NOTFOUND
-- python sphinx module (optional): 
-- python sphinxcontrib.autojinja module (optional): 
-- python sphinx_rtd_theme module (optional): 
-- python myst-parser module (optional): 
-- python openpyxl module (optional): 
-- python pandas module (optional): 
-- python pcre2 module (optional): 
-- python lxml module (optional): 
-- python prometheus-client module (optional): 
--  
-- Build options:
-- SSG vendor string: ssgproject
-- Target OVAL version: 5.11
-- Build SCAP 1.2 source data streams: ON
-- OVAL schematron validation: ON
-- shellcheck bash fixes validation: ON
-- Separate SCAP files: ON
-- Ansible Playbooks: ON
-- Ansible Playbooks Per Rule: OFF
-- Bash scripts: ON
-- jinja2 cache: enabled
-- jinja2 cache dir: /tmp/ComplianceAsCode/content/build/jinja2_cache
-- STIG Delta Taloring files: ON
-- Build SCE Content: OFF
-- SCAPVal 1.3 Enabled: OFF
--  
-- Products:
-- Alibaba Cloud Linux 2: ON
-- Alibaba Cloud Linux 3: ON
-- Anolis OS 8: ON
-- Anolis OS 23: ON
-- Chromium: ON
-- Debian 10: ON
-- Debian 11: ON
-- Example: OFF
-- EKS: OFF
-- Fedora: ON
-- Firefox: ON
-- MacOS 1015: ON
-- OCP4: OFF
-- RHCOS4: ON
-- Oracle Linux 7: ON
-- Oracle Linux 8: ON
-- Oracle Linux 9: ON
-- openSUSE: ON
-- RHEL 7: ON
-- RHEL 8: ON
-- RHEL 9: ON
-- RHV 4: ON
-- SUSE 12: ON
-- SUSE 15: ON
-- Ubuntu 16.04: ON
-- Ubuntu 18.04: ON
-- Ubuntu 20.04: ON
-- Ubuntu 22.04: ON
-- Uos 20: ON
-- OpenEmbedded: ON
--  
-- Scanning for dependencies of alinux2 fixes (bash, ansible, puppet, anaconda, ignition, kubernetes and blueprint)...
-- Scanning for dependencies of alinux3 fixes (bash, ansible, puppet, anaconda, ignition, kubernetes and blueprint)...
-- Scanning for dependencies of anolis8 fixes (bash, ansible, puppet, anaconda, ignition, kubernetes and blueprint)...
-- Scanning for dependencies of anolis23 fixes (bash, ansible, puppet, anaconda, ignition, kubernetes and blueprint)...
-- Scanning for dependencies of chromium fixes (bash, ansible, puppet, anaconda, ignition, kubernetes and blueprint)...
-- Scanning for dependencies of debian10 fixes (bash, ansible, puppet, anaconda, ignition, kubernetes and blueprint)...
-- Scanning for dependencies of debian11 fixes (bash, ansible, puppet, anaconda, ignition, kubernetes and blueprint)...
-- Scanning for dependencies of fedora fixes (bash, ansible, puppet, anaconda, ignition, kubernetes and blueprint)...
-- Scanning for dependencies of firefox fixes (bash, ansible, puppet, anaconda, ignition, kubernetes and blueprint)...
-- Scanning for dependencies of macos1015 fixes (bash, ansible, puppet, anaconda, ignition, kubernetes and blueprint)...
-- Scanning for dependencies of rhcos4 fixes (bash, ansible, puppet, anaconda, ignition, kubernetes and blueprint)...
-- Scanning for dependencies of ol7 fixes (bash, ansible, puppet, anaconda, ignition, kubernetes and blueprint)...
-- Scanning for dependencies of ol8 fixes (bash, ansible, puppet, anaconda, ignition, kubernetes and blueprint)...
-- Scanning for dependencies of ol9 fixes (bash, ansible, puppet, anaconda, ignition, kubernetes and blueprint)...
-- Scanning for dependencies of opensuse fixes (bash, ansible, puppet, anaconda, ignition, kubernetes and blueprint)...
-- Scanning for dependencies of rhel7 fixes (bash, ansible, puppet, anaconda, ignition, kubernetes and blueprint)...
-- Scanning for dependencies of rhel8 fixes (bash, ansible, puppet, anaconda, ignition, kubernetes and blueprint)...
-- Scanning for dependencies of rhel9 fixes (bash, ansible, puppet, anaconda, ignition, kubernetes and blueprint)...
-- Scanning for dependencies of rhv4 fixes (bash, ansible, puppet, anaconda, ignition, kubernetes and blueprint)...
-- Scanning for dependencies of sle12 fixes (bash, ansible, puppet, anaconda, ignition, kubernetes and blueprint)...
-- Scanning for dependencies of sle15 fixes (bash, ansible, puppet, anaconda, ignition, kubernetes and blueprint)...
-- Scanning for dependencies of ubuntu1604 fixes (bash, ansible, puppet, anaconda, ignition, kubernetes and blueprint)...
-- Scanning for dependencies of ubuntu1804 fixes (bash, ansible, puppet, anaconda, ignition, kubernetes and blueprint)...
-- Scanning for dependencies of ubuntu2004 fixes (bash, ansible, puppet, anaconda, ignition, kubernetes and blueprint)...
-- Scanning for dependencies of ubuntu2204 fixes (bash, ansible, puppet, anaconda, ignition, kubernetes and blueprint)...
-- Scanning for dependencies of uos20 fixes (bash, ansible, puppet, anaconda, ignition, kubernetes and blueprint)...
-- Scanning for dependencies of openembedded fixes (bash, ansible, puppet, anaconda, ignition, kubernetes and blueprint)...
-- Configuring done
-- Generating done
-- Build files have been written to: /tmp/ComplianceAsCode/content/build
[1/30] [rhel7-content] generating sce/metadata.json
[2/30] [rhel8-content] generating sce/metadata.json
[3/30] [rhel7-content] compiling product yaml
[4/30] [rhel8-content] compiling product yaml
[5/30] [rhel7-content] compiling everything
[6/30] [rhel8-content] compiling everything
[7/30] Generating ../tables/tables-rhel7-all.html
[8/30] Generating ../tables/tables-rhel8-all.html
[9/30] [rhel7-content] generating templated content
[10/30] [rhel7-content] generating cpe-oval-unlinked.xml
[11/30] [rhel8-content] generating templated content
[12/30] [rhel7-content] generating oval-unlinked.xml
[13/30] [rhel8-content] generating cpe-oval-unlinked.xml
[14/30] [rhel8-content] generating oval-unlinked.xml
[15/30] [rhel7-content] collecting all fixes
[16/30] [rhel8-content] collecting all fixes
[17/30] [rhel7-content] generating plain XCCDF, OVAL and OCIL files
[18/30] [rhel7-content] generating ssg-rhel7-ocil.xml
[19/30] [rhel7-content] generating ssg-rhel7-oval.xml
[20/30] [rhel7-content] generating ssg-rhel7-xccdf.xml
[21/30] [rhel7-content] generating ssg-rhel7-cpe-dictionary.xml, ssg-rhel7-cpe-oval.xml
[22/30] [rhel8-content] generating plain XCCDF, OVAL and OCIL files
[23/30] [rhel8-content] generating ssg-rhel8-ocil.xml
[24/30] [rhel8-content] generating ssg-rhel8-oval.xml
[25/30] [rhel8-content] generating ssg-rhel8-xccdf.xml
[26/30] [rhel8-content] generating ssg-rhel8-cpe-dictionary.xml, ssg-rhel8-cpe-oval.xml
[27/30] [rhel7-content] Updating data stream ssg-rhel7-ds.xml to 1.3
[28/30] [rhel8-content] Updating data stream ssg-rhel8-ds.xml to 1.3
[29/30] [rhel7-content] generating JSON manifest
[30/30] [rhel8-content] generating JSON manifest
[1/21] [ol8-content] generating sce/metadata.json
[2/21] [ol8-content] compiling product yaml
[3/21] [centos7-content] generating ssg-centos7-xccdf.xml
[4/21] [centos8-content] generating ssg-centos8-xccdf.xml
[5/21] [centos7-content] generating ssg-centos7-ds-1.2.xml
[6/21] [centos7-content] generating ssg-centos7-ds.xml
[7/21] [centos8-content] generating ssg-centos8-ds.xml
[8/21] [centos8-content] generating ssg-centos8-ds-1.2.xml
[9/21] [ol8-content] compiling everything
[10/21] Generating ../tables/tables-ol8-all.html
[11/21] [ol8-content] generating templated content
[12/21] [ol8-content] generating cpe-oval-unlinked.xml
[13/21] [ol8-content] generating oval-unlinked.xml
[14/21] [ol8-content] collecting all fixes
[15/21] [ol8-content] generating plain XCCDF, OVAL and OCIL files
[16/21] [ol8-content] generating ssg-ol8-ocil.xml
[17/21] [ol8-content] generating ssg-ol8-oval.xml
[18/21] [ol8-content] generating ssg-ol8-xccdf.xml
[19/21] [ol8-content] generating ssg-ol8-cpe-dictionary.xml, ssg-ol8-cpe-oval.xml
[20/21] [ol8-content] Updating data stream ssg-ol8-ds.xml to 1.3
[21/21] [ol8-content] generating JSON manifest

Done building content!
/
